in the molecular_function ontology there is a total of 1007 roots
in the molecular_function ontology there is a total of 10058 leafs
in the biological_process ontology there is a total of 1091 roots
in the biological_process ontology there is a total of 14721 leafs
in the cellular_component ontology there is a total of 189 roots
in the cellular_component ontology there is a total of 2927 leafs
the term GO:0062105 is not contained in the ontology
the term GO:0106219 is not contained in the ontology
the term GO:0140299 is not contained in the ontology
the term GO:0106141 is not contained in the ontology
the term GO:0140360 is not contained in the ontology
the term GO:0140326 is not contained in the ontology
the term GO:0140328 is not contained in the ontology
the term GO:0140303 is not contained in the ontology
the term GO:0106142 is not contained in the ontology
the term GO:0062152 is not contained in the ontology
the term GO:0062156 is not contained in the ontology
the term GO:0062078 is not contained in the ontology
the term GO:0140292 is not contained in the ontology
the term GO:0140299 is not contained in the ontology
the term GO:0140297 is not contained in the ontology
the term GO:0062156 is not contained in the ontology
the term GO:0140299 is not contained in the ontology
the term GO:0140299 is not contained in the ontology
the term GO:0062131 is not contained in the ontology
the term GO:0062105 is not contained in the ontology
the term GO:0140297 is not contained in the ontology
the term GO:0140354 is not contained in the ontology
the term GO:0062125 is not contained in the ontology
the term GO:0140354 is not contained in the ontology
the term GO:0120207 is not contained in the ontology
the term GO:0140352 is not contained in the ontology
the term GO:0140352 is not contained in the ontology
the term GO:0106217 is not contained in the ontology
the term GO:0110134 is not contained in the ontology
the term GO:0140352 is not contained in the ontology
the term GO:0140352 is not contained in the ontology
the term GO:0120193 is not contained in the ontology
the term GO:0120192 is not contained in the ontology
the term GO:0110155 is not contained in the ontology
the term GO:0110154 is not contained in the ontology
the term GO:0140352 is not contained in the ontology
the term GO:0140353 is not contained in the ontology
the term GO:0140352 is not contained in the ontology
the term GO:0140352 is not contained in the ontology
the term GO:0140352 is not contained in the ontology
the term GO:0110154 is not contained in the ontology
the term GO:0110155 is not contained in the ontology
the term GO:0140352 is not contained in the ontology
the term GO:0140352 is not contained in the ontology
the term GO:0140361 is not contained in the ontology
the term GO:0140352 is not contained in the ontology
the term GO:0140352 is not contained in the ontology
the term GO:0140352 is not contained in the ontology
the term GO:0140352 is not contained in the ontology
the term GO:0140352 is not contained in the ontology
the term GO:0140300 is not contained in the ontology
the term GO:0140289 is not contained in the ontology
the term GO:0140352 is not contained in the ontology
the term GO:0120193 is not contained in the ontology
the term GO:0110148 is not contained in the ontology
the term GO:0110148 is not contained in the ontology
the term GO:0062149 is not contained in the ontology
the term GO:0120211 is not contained in the ontology
the term GO:0140352 is not contained in the ontology
the term GO:0140289 is not contained in the ontology
the term GO:0150111 is not contained in the ontology
the term GO:0140352 is not contained in the ontology
the term GO:0140352 is not contained in the ontology
the term GO:0140300 is not contained in the ontology
the term GO:0110148 is not contained in the ontology
the term GO:0140352 is not contained in the ontology
the term GO:0140352 is not contained in the ontology
the term GO:0150110 is not contained in the ontology
the term GO:0120193 is not contained in the ontology
the term GO:0120192 is not contained in the ontology
the term GO:0140289 is not contained in the ontology
the term GO:0140352 is not contained in the ontology
the term GO:0140300 is not contained in the ontology
the term GO:0140289 is not contained in the ontology
the term GO:0140290 is not contained in the ontology
the term GO:0062125 is not contained in the ontology
the term GO:0140357 is not contained in the ontology
the term GO:0106217 is not contained in the ontology
the term GO:0140300 is not contained in the ontology
the term GO:0140300 is not contained in the ontology
the term GO:0062098 is not contained in the ontology
the term GO:0110165 is not contained in the ontology
the term GO:0110165 is not contained in the ontology
the term GO:0110165 is not contained in the ontology
the term GO:0110165 is not contained in the ontology
the term GO:0110165 is not contained in the ontology
the term GO:0110165 is not contained in the ontology
the term GO:0110165 is not contained in the ontology
the term GO:0110165 is not contained in the ontology
the term GO:0110165 is not contained in the ontology
the term GO:0110165 is not contained in the ontology
the term GO:0110165 is not contained in the ontology
the term GO:0110165 is not contained in the ontology
the term GO:0110165 is not contained in the ontology
the term GO:0110165 is not contained in the ontology
the term GO:0110165 is not contained in the ontology
the term GO:0110165 is not contained in the ontology
the term GO:0110165 is not contained in the ontology
the term GO:0110165 is not contained in the ontology
the term GO:0110165 is not contained in the ontology
the term GO:0110165 is not contained in the ontology
the term GO:0110165 is not contained in the ontology
the term GO:0110165 is not contained in the ontology
the term GO:0110165 is not contained in the ontology
the term GO:0110165 is not contained in the ontology
the term GO:0110165 is not contained in the ontology
the term GO:0110165 is not contained in the ontology
the term GO:0110165 is not contained in the ontology
the term GO:0110165 is not contained in the ontology
the term GO:0110165 is not contained in the ontology
the term GO:0110165 is not contained in the ontology
the term GO:0110165 is not contained in the ontology
the term GO:0110165 is not contained in the ontology
the term GO:0110165 is not contained in the ontology
the term GO:0110165 is not contained in the ontology
the term GO:0110165 is not contained in the ontology
the term GO:0110165 is not contained in the ontology
the term GO:0110165 is not contained in the ontology
the term GO:0110165 is not contained in the ontology
the term GO:0110165 is not contained in the ontology
the term GO:0110165 is not contained in the ontology
the term GO:0110165 is not contained in the ontology
the term GO:0110165 is not contained in the ontology
the term GO:0110165 is not contained in the ontology
the term GO:0110165 is not contained in the ontology
the term GO:0110165 is not contained in the ontology
the term GO:0110165 is not contained in the ontology
the term GO:0110165 is not contained in the ontology
the term GO:0110165 is not contained in the ontology
the term GO:0110165 is not contained in the ontology
the term GO:0110165 is not contained in the ontology
the term GO:0110165 is not contained in the ontology
the term GO:0110165 is not contained in the ontology
the term GO:0110165 is not contained in the ontology
the term GO:0110165 is not contained in the ontology
the term GO:0110165 is not contained in the ontology
the term GO:0110165 is not contained in the ontology
the term GO:0110165 is not contained in the ontology
the term GO:0110165 is not contained in the ontology
the term GO:0110165 is not contained in the ontology
the term GO:0110165 is not contained in the ontology
the term GO:0110165 is not contained in the ontology
the term GO:0110165 is not contained in the ontology
the term GO:0110165 is not contained in the ontology
the term GO:0110165 is not contained in the ontology
the term GO:0110165 is not contained in the ontology
the term GO:0110165 is not contained in the ontology
the term GO:0110165 is not contained in the ontology
the term GO:0110165 is not contained in the ontology
the term GO:0110165 is not contained in the ontology
the term GO:0110165 is not contained in the ontology
the term GO:0110165 is not contained in the ontology
the term GO:0110165 is not contained in the ontology
the term GO:0110165 is not contained in the ontology
the term GO:0110165 is not contained in the ontology
the term GO:0110165 is not contained in the ontology
the term GO:0110165 is not contained in the ontology
the term GO:0110165 is not contained in the ontology
the term GO:0110165 is not contained in the ontology
the term GO:0110165 is not contained in the ontology
the term GO:0110165 is not contained in the ontology
the term GO:0110165 is not contained in the ontology
the term GO:0110165 is not contained in the ontology
the term GO:0110165 is not contained in the ontology
the term GO:0110165 is not contained in the ontology
the term GO:0110165 is not contained in the ontology
the term GO:0110165 is not contained in the ontology
the term GO:0110165 is not contained in the ontology
the term GO:0110165 is not contained in the ontology
the term GO:0110165 is not contained in the ontology
the term GO:0110165 is not contained in the ontology
the term GO:0110165 is not contained in the ontology
the term GO:0110165 is not contained in the ontology
the term GO:0110165 is not contained in the ontology
the term GO:0110165 is not contained in the ontology
the term GO:0110165 is not contained in the ontology
the term GO:0110165 is not contained in the ontology
the term GO:0110165 is not contained in the ontology
the term GO:0110165 is not contained in the ontology
the term GO:0110165 is not contained in the ontology
the term GO:0110165 is not contained in the ontology
the term GO:0110165 is not contained in the ontology
the term GO:0110165 is not contained in the ontology
the term GO:0110165 is not contained in the ontology
the term GO:0110165 is not contained in the ontology
the term GO:0110165 is not contained in the ontology
the term GO:0110165 is not contained in the ontology
the term GO:0106143 is not contained in the ontology
the term GO:0110165 is not contained in the ontology
the term GO:0110165 is not contained in the ontology
the term GO:0110165 is not contained in the ontology
the term GO:0110165 is not contained in the ontology
the term GO:0110165 is not contained in the ontology
the term GO:0110165 is not contained in the ontology
the term GO:0110165 is not contained in the ontology
the term GO:0110165 is not contained in the ontology
the term GO:0110165 is not contained in the ontology
the term GO:0110165 is not contained in the ontology
the term GO:0110165 is not contained in the ontology
the term GO:0110165 is not contained in the ontology
the term GO:0110165 is not contained in the ontology
the term GO:0110165 is not contained in the ontology
the term GO:0110165 is not contained in the ontology
the term GO:0110165 is not contained in the ontology
the term GO:0110165 is not contained in the ontology
the term GO:0110165 is not contained in the ontology
the term GO:0110165 is not contained in the ontology
the term GO:0110165 is not contained in the ontology
the term GO:0110165 is not contained in the ontology
the term GO:0110165 is not contained in the ontology
the term GO:0110165 is not contained in the ontology
the term GO:0110165 is not contained in the ontology
the term GO:0110165 is not contained in the ontology
the term GO:0062130 is not contained in the ontology
the term GO:0110165 is not contained in the ontology
the term GO:0062130 is not contained in the ontology
the term GO:0110165 is not contained in the ontology
the term GO:0062130 is not contained in the ontology
the term GO:0110165 is not contained in the ontology
the term GO:0110165 is not contained in the ontology
the term GO:0110165 is not contained in the ontology
the term GO:0110165 is not contained in the ontology
the term GO:0110165 is not contained in the ontology
the term GO:0062129 is not contained in the ontology
the term GO:0110165 is not contained in the ontology
the term GO:0062130 is not contained in the ontology
the term GO:0110165 is not contained in the ontology
the term GO:0110165 is not contained in the ontology
the term GO:0110165 is not contained in the ontology
the term GO:0110165 is not contained in the ontology
the term GO:0110165 is not contained in the ontology
the term GO:0110165 is not contained in the ontology
the term GO:0110165 is not contained in the ontology
the term GO:0110165 is not contained in the ontology
the term GO:0062071 is not contained in the ontology
the term GO:0110165 is not contained in the ontology
the term GO:0110165 is not contained in the ontology
the term GO:0110165 is not contained in the ontology
the term GO:0110165 is not contained in the ontology
the term GO:0110165 is not contained in the ontology
the term GO:0110165 is not contained in the ontology
the term GO:0110165 is not contained in the ontology
the term GO:0110165 is not contained in the ontology
the term GO:0110165 is not contained in the ontology
the term GO:0110165 is not contained in the ontology
the term GO:0110165 is not contained in the ontology
the term GO:0110165 is not contained in the ontology
the term GO:0110165 is not contained in the ontology
the term GO:0110165 is not contained in the ontology
the term GO:0110165 is not contained in the ontology
the term GO:0110165 is not contained in the ontology
the term GO:0110165 is not contained in the ontology
the term GO:0110165 is not contained in the ontology
the term GO:0110165 is not contained in the ontology
the term GO:0110165 is not contained in the ontology
the term GO:0110165 is not contained in the ontology
the term GO:0110165 is not contained in the ontology
the term GO:0110165 is not contained in the ontology
the term GO:0110165 is not contained in the ontology
the term GO:0110165 is not contained in the ontology
the term GO:0110165 is not contained in the ontology
the term GO:0110165 is not contained in the ontology
the term GO:0110165 is not contained in the ontology
the term GO:0110165 is not contained in the ontology
the term GO:0110165 is not contained in the ontology
the term GO:0110165 is not contained in the ontology
the term GO:0110165 is not contained in the ontology
the term GO:0110165 is not contained in the ontology
the term GO:0110165 is not contained in the ontology
the term GO:0110165 is not contained in the ontology
the term GO:0110165 is not contained in the ontology
the term GO:0110165 is not contained in the ontology
the term GO:0110165 is not contained in the ontology
the term GO:0110165 is not contained in the ontology
the term GO:0110165 is not contained in the ontology
the term GO:0110165 is not contained in the ontology
the term GO:0110165 is not contained in the ontology
the term GO:0110165 is not contained in the ontology
the term GO:0110165 is not contained in the ontology
the term GO:0110165 is not contained in the ontology
the term GO:0110165 is not contained in the ontology
the term GO:0110165 is not contained in the ontology
the term GO:0110165 is not contained in the ontology
the term GO:0110165 is not contained in the ontology
the term GO:0110165 is not contained in the ontology
the term GO:0110165 is not contained in the ontology
the term GO:0110165 is not contained in the ontology
the term GO:0110165 is not contained in the ontology
the term GO:0110165 is not contained in the ontology
the term GO:0110165 is not contained in the ontology
the term GO:0110165 is not contained in the ontology
the term GO:0110165 is not contained in the ontology
the term GO:0110165 is not contained in the ontology
the term GO:0110165 is not contained in the ontology
the term GO:0110165 is not contained in the ontology
the term GO:0110165 is not contained in the ontology
the term GO:0110165 is not contained in the ontology
the term GO:0110165 is not contained in the ontology
the term GO:0110165 is not contained in the ontology
the term GO:0110165 is not contained in the ontology
the term GO:0110165 is not contained in the ontology
the term GO:0110165 is not contained in the ontology
the term GO:0110165 is not contained in the ontology
the term GO:0110165 is not contained in the ontology
the term GO:0110165 is not contained in the ontology
the term GO:0110165 is not contained in the ontology
the term GO:0110165 is not contained in the ontology
the term GO:0110165 is not contained in the ontology
the term GO:0110165 is not contained in the ontology
the term GO:0110165 is not contained in the ontology
the term GO:0110165 is not contained in the ontology
the term GO:0110165 is not contained in the ontology
the term GO:0110165 is not contained in the ontology
the term GO:0110165 is not contained in the ontology
the term GO:0110165 is not contained in the ontology
the term GO:0110165 is not contained in the ontology
the term GO:0110165 is not contained in the ontology
the term GO:0110165 is not contained in the ontology
the term GO:0110165 is not contained in the ontology
the term GO:0110165 is not contained in the ontology
the term GO:0110165 is not contained in the ontology
the term GO:0110165 is not contained in the ontology
the term GO:0110165 is not contained in the ontology
the term GO:0110165 is not contained in the ontology
the term GO:0110165 is not contained in the ontology
the term GO:0110165 is not contained in the ontology
the term GO:0110165 is not contained in the ontology
the term GO:0110165 is not contained in the ontology
the term GO:0110165 is not contained in the ontology
the term GO:0110165 is not contained in the ontology
the term GO:0110165 is not contained in the ontology
the term GO:0110165 is not contained in the ontology
the term GO:0110165 is not contained in the ontology
the term GO:0062130 is not contained in the ontology
the term GO:0110165 is not contained in the ontology
the term GO:0110165 is not contained in the ontology
the term GO:0110165 is not contained in the ontology
the term GO:0110165 is not contained in the ontology
the term GO:0110165 is not contained in the ontology
the term GO:0110165 is not contained in the ontology
the term GO:0110165 is not contained in the ontology
the term GO:0110165 is not contained in the ontology
the term GO:0110165 is not contained in the ontology
the term GO:0110165 is not contained in the ontology
the term GO:0110165 is not contained in the ontology
the term GO:0110165 is not contained in the ontology
the term GO:0110165 is not contained in the ontology
the term GO:0110165 is not contained in the ontology
the term GO:0110165 is not contained in the ontology
the term GO:0110165 is not contained in the ontology
the term GO:0110165 is not contained in the ontology
the term GO:0110165 is not contained in the ontology
the term GO:0110165 is not contained in the ontology
the term GO:0110165 is not contained in the ontology
the term GO:0110165 is not contained in the ontology
the term GO:0110165 is not contained in the ontology
the term GO:0110165 is not contained in the ontology
the term GO:0110165 is not contained in the ontology
the term GO:0110165 is not contained in the ontology
the term GO:0110165 is not contained in the ontology
the term GO:0110165 is not contained in the ontology
the term GO:0110165 is not contained in the ontology
the term GO:0110165 is not contained in the ontology
the term GO:0110165 is not contained in the ontology
the term GO:0110165 is not contained in the ontology
the term GO:0110165 is not contained in the ontology
the term GO:0062128 is not contained in the ontology
the term GO:0110165 is not contained in the ontology
the term GO:0110165 is not contained in the ontology
the term GO:0110165 is not contained in the ontology
the term GO:0110165 is not contained in the ontology
the term GO:0110165 is not contained in the ontology
the term GO:0110165 is not contained in the ontology
the term GO:0110165 is not contained in the ontology
the term GO:0110165 is not contained in the ontology
the term GO:0110165 is not contained in the ontology
the term GO:0110165 is not contained in the ontology
the term GO:0110165 is not contained in the ontology
the term GO:0110165 is not contained in the ontology
the term GO:0110165 is not contained in the ontology
the term GO:0110165 is not contained in the ontology
the term GO:0110165 is not contained in the ontology
the term GO:0110165 is not contained in the ontology
the term GO:0110165 is not contained in the ontology
the term GO:0110165 is not contained in the ontology
the term GO:0110165 is not contained in the ontology
the term GO:0110165 is not contained in the ontology
the term GO:0110165 is not contained in the ontology
the term GO:0110165 is not contained in the ontology
the term GO:0110165 is not contained in the ontology
the term GO:0110165 is not contained in the ontology
the term GO:0110165 is not contained in the ontology
the term GO:0110165 is not contained in the ontology
the term GO:0110165 is not contained in the ontology
the term GO:0110165 is not contained in the ontology
the term GO:0110165 is not contained in the ontology
the term GO:0110165 is not contained in the ontology
the term GO:0140268 is not contained in the ontology
the term GO:0110165 is not contained in the ontology
the term GO:0110165 is not contained in the ontology
the term GO:0110165 is not contained in the ontology
the term GO:0110165 is not contained in the ontology
the term GO:0110165 is not contained in the ontology
the term GO:0110165 is not contained in the ontology
the term GO:0110165 is not contained in the ontology
the term GO:0110165 is not contained in the ontology
the term GO:0110165 is not contained in the ontology
the term GO:0110165 is not contained in the ontology
the term GO:0110165 is not contained in the ontology
the term GO:0110165 is not contained in the ontology
the term GO:0110165 is not contained in the ontology
the term GO:0110165 is not contained in the ontology
the term GO:0110165 is not contained in the ontology
the term GO:0110165 is not contained in the ontology
the term GO:0110165 is not contained in the ontology
the term GO:0110165 is not contained in the ontology
the term GO:0110165 is not contained in the ontology
the term GO:0110165 is not contained in the ontology
the term GO:0110165 is not contained in the ontology
the term GO:0110165 is not contained in the ontology
the term GO:0110165 is not contained in the ontology
the term GO:0110165 is not contained in the ontology
the term GO:0110165 is not contained in the ontology
the term GO:0110165 is not contained in the ontology
the term GO:0110165 is not contained in the ontology
the term GO:0110165 is not contained in the ontology
the term GO:0110165 is not contained in the ontology
the term GO:0110165 is not contained in the ontology
the term GO:0110165 is not contained in the ontology
the term GO:0110165 is not contained in the ontology
the term GO:0110165 is not contained in the ontology
the term GO:0110165 is not contained in the ontology
the term GO:0110165 is not contained in the ontology
the term GO:0110165 is not contained in the ontology
the term GO:0110165 is not contained in the ontology
the term GO:0110165 is not contained in the ontology
the term GO:0110165 is not contained in the ontology
the term GO:0110165 is not contained in the ontology
the term GO:0110165 is not contained in the ontology
the term GO:0110165 is not contained in the ontology
the term GO:0110165 is not contained in the ontology
the term GO:0110165 is not contained in the ontology
the term GO:0110165 is not contained in the ontology
the term GO:0110165 is not contained in the ontology
the term GO:0110165 is not contained in the ontology
the term GO:0110165 is not contained in the ontology
the term GO:0110165 is not contained in the ontology
the term GO:0120200 is not contained in the ontology
the term GO:0110165 is not contained in the ontology
the term GO:0110165 is not contained in the ontology
the term GO:0110165 is not contained in the ontology
the term GO:0110165 is not contained in the ontology
the term GO:0110165 is not contained in the ontology
the term GO:0110165 is not contained in the ontology
the term GO:0110165 is not contained in the ontology
the term GO:0110165 is not contained in the ontology
the term GO:0110165 is not contained in the ontology
the term GO:0110165 is not contained in the ontology
the term GO:0110165 is not contained in the ontology
the term GO:0110165 is not contained in the ontology
the term GO:0110165 is not contained in the ontology
the term GO:0110165 is not contained in the ontology
the term GO:0110165 is not contained in the ontology
the term GO:0110165 is not contained in the ontology
the term GO:0110165 is not contained in the ontology
the term GO:0110165 is not contained in the ontology
the term GO:0110165 is not contained in the ontology
the term GO:0110165 is not contained in the ontology
the term GO:0110165 is not contained in the ontology
the term GO:0110165 is not contained in the ontology
the term GO:0110165 is not contained in the ontology
the term GO:0110165 is not contained in the ontology
the term GO:0110165 is not contained in the ontology
the term GO:0110165 is not contained in the ontology
the term GO:0110165 is not contained in the ontology
the term GO:0110165 is not contained in the ontology
the term GO:0110165 is not contained in the ontology
the term GO:0110165 is not contained in the ontology
the term GO:0110165 is not contained in the ontology
the term GO:0110165 is not contained in the ontology
the term GO:0110165 is not contained in the ontology
the term GO:0110165 is not contained in the ontology
the term GO:0110165 is not contained in the ontology
the term GO:0110165 is not contained in the ontology
the term GO:0110165 is not contained in the ontology
the term GO:0110165 is not contained in the ontology
the term GO:0110165 is not contained in the ontology
the term GO:0110165 is not contained in the ontology
the term GO:0110165 is not contained in the ontology
the term GO:0110165 is not contained in the ontology
the term GO:0110165 is not contained in the ontology
the term GO:0110165 is not contained in the ontology
the term GO:0110165 is not contained in the ontology
the term GO:0110165 is not contained in the ontology
the term GO:0110165 is not contained in the ontology
the term GO:0110165 is not contained in the ontology
the term GO:0110165 is not contained in the ontology
the term GO:0110165 is not contained in the ontology
the term GO:0110165 is not contained in the ontology
the term GO:0110165 is not contained in the ontology
the term GO:0110165 is not contained in the ontology
the term GO:0110165 is not contained in the ontology
the term GO:0110165 is not contained in the ontology
the term GO:0110165 is not contained in the ontology
the term GO:0110165 is not contained in the ontology
the term GO:0110165 is not contained in the ontology
the term GO:0110165 is not contained in the ontology
the term GO:0110165 is not contained in the ontology
the term GO:0110165 is not contained in the ontology
the term GO:0110165 is not contained in the ontology
the term GO:0110165 is not contained in the ontology
the term GO:0110165 is not contained in the ontology
the term GO:0110165 is not contained in the ontology
the term GO:0110165 is not contained in the ontology
the term GO:0110165 is not contained in the ontology
the term GO:0110165 is not contained in the ontology
the term GO:0110165 is not contained in the ontology
the term GO:0110165 is not contained in the ontology
the term GO:0110165 is not contained in the ontology
the term GO:0110165 is not contained in the ontology
the term GO:0110165 is not contained in the ontology
the term GO:0110165 is not contained in the ontology
the term GO:0110165 is not contained in the ontology
the term GO:0110165 is not contained in the ontology
the term GO:0110165 is not contained in the ontology
the term GO:0110165 is not contained in the ontology
the term GO:0110165 is not contained in the ontology
the term GO:0110165 is not contained in the ontology
the term GO:0110165 is not contained in the ontology
the term GO:0110165 is not contained in the ontology
the term GO:0110165 is not contained in the ontology
the term GO:0140268 is not contained in the ontology
the term GO:0110165 is not contained in the ontology
the term GO:0110165 is not contained in the ontology
the term GO:0110165 is not contained in the ontology
the term GO:0110165 is not contained in the ontology
the term GO:0110165 is not contained in the ontology
the term GO:0110165 is not contained in the ontology
the term GO:0110165 is not contained in the ontology
the term GO:0110165 is not contained in the ontology
the term GO:0110165 is not contained in the ontology
the term GO:0110165 is not contained in the ontology
the term GO:0110165 is not contained in the ontology
the term GO:0110165 is not contained in the ontology
the term GO:0110165 is not contained in the ontology
the term GO:0110165 is not contained in the ontology
the term GO:0110165 is not contained in the ontology
the term GO:0110165 is not contained in the ontology
the term GO:0110165 is not contained in the ontology
the term GO:0110165 is not contained in the ontology
the term GO:0110165 is not contained in the ontology
the term GO:0110165 is not contained in the ontology
the term GO:0110165 is not contained in the ontology
the term GO:0110165 is not contained in the ontology
the term GO:0120199 is not contained in the ontology
the term GO:0120200 is not contained in the ontology
the term GO:0110165 is not contained in the ontology
the term GO:0110165 is not contained in the ontology
the term GO:0110165 is not contained in the ontology
the term GO:0110165 is not contained in the ontology
the term GO:0110165 is not contained in the ontology
the term GO:0110165 is not contained in the ontology
the term GO:0110165 is not contained in the ontology
the term GO:0110165 is not contained in the ontology
the term GO:0110165 is not contained in the ontology
the term GO:0110165 is not contained in the ontology
the term GO:0110165 is not contained in the ontology
the term GO:0110165 is not contained in the ontology
the term GO:0110165 is not contained in the ontology
the term GO:0110165 is not contained in the ontology
the term GO:0110165 is not contained in the ontology
the term GO:0110165 is not contained in the ontology
the term GO:0110165 is not contained in the ontology
the term GO:0140268 is not contained in the ontology
the term GO:0110165 is not contained in the ontology
the term GO:0110165 is not contained in the ontology
the term GO:0110165 is not contained in the ontology
the term GO:0110165 is not contained in the ontology
the term GO:0110165 is not contained in the ontology
the term GO:0110165 is not contained in the ontology
the term GO:0110165 is not contained in the ontology
the term GO:0110165 is not contained in the ontology
the term GO:0110165 is not contained in the ontology
the term GO:0110165 is not contained in the ontology
the term GO:0110165 is not contained in the ontology
the term GO:0110165 is not contained in the ontology
the term GO:0110165 is not contained in the ontology
the term GO:0110165 is not contained in the ontology
the term GO:0110165 is not contained in the ontology
the term GO:0110165 is not contained in the ontology
the term GO:0110165 is not contained in the ontology
the term GO:0110165 is not contained in the ontology
the term GO:0110165 is not contained in the ontology
the term GO:0110165 is not contained in the ontology
the term GO:0110165 is not contained in the ontology
the term GO:0110165 is not contained in the ontology
the term GO:0110165 is not contained in the ontology
the term GO:0110165 is not contained in the ontology
the term GO:0110165 is not contained in the ontology
the term GO:0110165 is not contained in the ontology
the term GO:0110165 is not contained in the ontology
the term GO:0110165 is not contained in the ontology
the term GO:0110165 is not contained in the ontology
the term GO:0110165 is not contained in the ontology
the term GO:0110165 is not contained in the ontology
the term GO:0110165 is not contained in the ontology
the term GO:0110165 is not contained in the ontology
the term GO:0110165 is not contained in the ontology
the term GO:0110165 is not contained in the ontology
the term GO:0110165 is not contained in the ontology
the term GO:0110165 is not contained in the ontology
the term GO:0110165 is not contained in the ontology
the term GO:0110165 is not contained in the ontology
the term GO:0110165 is not contained in the ontology
the term GO:0110165 is not contained in the ontology
the term GO:0110165 is not contained in the ontology
the term GO:0110165 is not contained in the ontology
the term GO:0110165 is not contained in the ontology
the term GO:0110165 is not contained in the ontology
the term GO:0110165 is not contained in the ontology
the term GO:0110165 is not contained in the ontology
the term GO:0110165 is not contained in the ontology
the term GO:0110165 is not contained in the ontology
the term GO:0110165 is not contained in the ontology
the term GO:0110165 is not contained in the ontology
the term GO:0110165 is not contained in the ontology
the term GO:0110165 is not contained in the ontology
the term GO:0110165 is not contained in the ontology
the term GO:0140268 is not contained in the ontology
the term GO:0110165 is not contained in the ontology
the term GO:0110165 is not contained in the ontology
the term GO:0110165 is not contained in the ontology
the term GO:0110165 is not contained in the ontology
the term GO:0110165 is not contained in the ontology
the term GO:0110165 is not contained in the ontology
the term GO:0110165 is not contained in the ontology
the term GO:0110165 is not contained in the ontology
the term GO:0110165 is not contained in the ontology
the term GO:0110165 is not contained in the ontology
the term GO:0110165 is not contained in the ontology
the term GO:0110165 is not contained in the ontology
the term GO:0110165 is not contained in the ontology
the term GO:0110165 is not contained in the ontology
the term GO:0110165 is not contained in the ontology
the term GO:0110165 is not contained in the ontology
the term GO:0110165 is not contained in the ontology
the term GO:0110165 is not contained in the ontology
the term GO:0110165 is not contained in the ontology
the term GO:0110165 is not contained in the ontology
the term GO:0110165 is not contained in the ontology
the term GO:0110165 is not contained in the ontology
the term GO:0110165 is not contained in the ontology
the term GO:0110165 is not contained in the ontology
the term GO:0110165 is not contained in the ontology
the term GO:0110165 is not contained in the ontology
the term GO:0110165 is not contained in the ontology
the term GO:0110165 is not contained in the ontology
the term GO:0110165 is not contained in the ontology
the term GO:0110165 is not contained in the ontology
the term GO:0110165 is not contained in the ontology
the term GO:0062157 is not contained in the ontology
the term GO:0110165 is not contained in the ontology
the term GO:0110165 is not contained in the ontology
the term GO:0110165 is not contained in the ontology
the term GO:0110165 is not contained in the ontology
the term GO:0110165 is not contained in the ontology
the term GO:0110165 is not contained in the ontology
the term GO:0106143 is not contained in the ontology
the term GO:0110165 is not contained in the ontology
the term GO:0110165 is not contained in the ontology
the term GO:0110165 is not contained in the ontology
the term GO:0110165 is not contained in the ontology
the term GO:0110165 is not contained in the ontology
the term GO:0110165 is not contained in the ontology
the term GO:0110165 is not contained in the ontology
the term GO:0110165 is not contained in the ontology
the term GO:0110165 is not contained in the ontology
the term GO:0110165 is not contained in the ontology
the term GO:0110165 is not contained in the ontology
the term GO:0110165 is not contained in the ontology
the term GO:0110165 is not contained in the ontology
the term GO:0110165 is not contained in the ontology
the term GO:0110165 is not contained in the ontology
the term GO:0110165 is not contained in the ontology
the term GO:0110165 is not contained in the ontology
the term GO:0110165 is not contained in the ontology
the term GO:0110165 is not contained in the ontology
the term GO:0110165 is not contained in the ontology
the term GO:0110165 is not contained in the ontology
the term GO:0110165 is not contained in the ontology
the term GO:0110165 is not contained in the ontology
the term GO:0110165 is not contained in the ontology
the term GO:0110165 is not contained in the ontology
the term GO:0110165 is not contained in the ontology
the term GO:0110165 is not contained in the ontology
the term GO:0110165 is not contained in the ontology
the term GO:0110165 is not contained in the ontology
the term GO:0110165 is not contained in the ontology
the term GO:0110165 is not contained in the ontology
the term GO:0110165 is not contained in the ontology
the term GO:0110165 is not contained in the ontology
the term GO:0110165 is not contained in the ontology
the term GO:0110165 is not contained in the ontology
the term GO:0110165 is not contained in the ontology
the term GO:0110165 is not contained in the ontology
the term GO:0110165 is not contained in the ontology
the term GO:0110165 is not contained in the ontology
the term GO:0110165 is not contained in the ontology
the term GO:0110165 is not contained in the ontology
the term GO:0110165 is not contained in the ontology
the term GO:0110165 is not contained in the ontology
the term GO:0110165 is not contained in the ontology
the term GO:0110165 is not contained in the ontology
the term GO:0110165 is not contained in the ontology
the term GO:0110165 is not contained in the ontology
the term GO:0110165 is not contained in the ontology
the term GO:0110165 is not contained in the ontology
the term GO:0110165 is not contained in the ontology
the term GO:0110165 is not contained in the ontology
the term GO:0110165 is not contained in the ontology
the term GO:0110165 is not contained in the ontology
the term GO:0110165 is not contained in the ontology
the term GO:0110165 is not contained in the ontology
the term GO:0110165 is not contained in the ontology
the term GO:0110165 is not contained in the ontology
the term GO:0110165 is not contained in the ontology
the term GO:0110165 is not contained in the ontology
the term GO:0110165 is not contained in the ontology
the term GO:0110165 is not contained in the ontology
the term GO:0110165 is not contained in the ontology
the term GO:0110165 is not contained in the ontology
the term GO:0110165 is not contained in the ontology
the term GO:0110165 is not contained in the ontology
the term GO:0110165 is not contained in the ontology
the term GO:0110165 is not contained in the ontology
the term GO:0110165 is not contained in the ontology
the term GO:0110165 is not contained in the ontology
the term GO:0110165 is not contained in the ontology
the term GO:0110165 is not contained in the ontology
the term GO:0110165 is not contained in the ontology
the term GO:0110165 is not contained in the ontology
the term GO:0110165 is not contained in the ontology
the term GO:0110165 is not contained in the ontology
the term GO:0110165 is not contained in the ontology
the term GO:0110165 is not contained in the ontology
the term GO:0110165 is not contained in the ontology
the term GO:0110165 is not contained in the ontology
the term GO:0110165 is not contained in the ontology
the term GO:0110165 is not contained in the ontology
the term GO:0110165 is not contained in the ontology
the term GO:0110165 is not contained in the ontology
the term GO:0110165 is not contained in the ontology
the term GO:0110165 is not contained in the ontology
the term GO:0110165 is not contained in the ontology
the term GO:0110165 is not contained in the ontology
the term GO:0110165 is not contained in the ontology
the term GO:0110165 is not contained in the ontology
the term GO:0110165 is not contained in the ontology
the term GO:0110165 is not contained in the ontology
the term GO:0110165 is not contained in the ontology
the term GO:0110165 is not contained in the ontology
the term GO:0110165 is not contained in the ontology
the term GO:0110165 is not contained in the ontology
the term GO:0110165 is not contained in the ontology
the term GO:0110165 is not contained in the ontology
the term GO:0110165 is not contained in the ontology
the term GO:0110165 is not contained in the ontology
the term GO:0110165 is not contained in the ontology
the term GO:0110165 is not contained in the ontology
the term GO:0110165 is not contained in the ontology
the term GO:0110165 is not contained in the ontology
the term GO:0110165 is not contained in the ontology
the term GO:0110165 is not contained in the ontology
the term GO:0110165 is not contained in the ontology
the term GO:0110165 is not contained in the ontology
the term GO:0110165 is not contained in the ontology
the term GO:0110165 is not contained in the ontology
the term GO:0110165 is not contained in the ontology
the term GO:0110165 is not contained in the ontology
the term GO:0110165 is not contained in the ontology
the term GO:0110165 is not contained in the ontology
the term GO:0110165 is not contained in the ontology
the term GO:0110165 is not contained in the ontology
the term GO:0110165 is not contained in the ontology
the term GO:0110165 is not contained in the ontology
the term GO:0110165 is not contained in the ontology
the term GO:0110165 is not contained in the ontology
the term GO:0110165 is not contained in the ontology
the term GO:0110165 is not contained in the ontology
the term GO:0110165 is not contained in the ontology
the term GO:0110165 is not contained in the ontology
the term GO:0110165 is not contained in the ontology
the term GO:0110165 is not contained in the ontology
the term GO:0110165 is not contained in the ontology
the term GO:0110165 is not contained in the ontology
the term GO:0110165 is not contained in the ontology
the term GO:0110165 is not contained in the ontology
the term GO:0110165 is not contained in the ontology
the term GO:0110165 is not contained in the ontology
the term GO:0110165 is not contained in the ontology
the term GO:0110165 is not contained in the ontology
the term GO:0110165 is not contained in the ontology
the term GO:0110165 is not contained in the ontology
the term GO:0110165 is not contained in the ontology
the term GO:0110165 is not contained in the ontology
the term GO:0110165 is not contained in the ontology
the term GO:0110165 is not contained in the ontology
the term GO:0110165 is not contained in the ontology
the term GO:0110165 is not contained in the ontology
the term GO:0110165 is not contained in the ontology
the term GO:0110165 is not contained in the ontology
the term GO:0110165 is not contained in the ontology
the term GO:0110165 is not contained in the ontology
the term GO:0110165 is not contained in the ontology
the term GO:0110165 is not contained in the ontology
the term GO:0110165 is not contained in the ontology
the term GO:0110165 is not contained in the ontology
the term GO:0110165 is not contained in the ontology
the term GO:0110165 is not contained in the ontology
the term GO:0110165 is not contained in the ontology
the term GO:0110165 is not contained in the ontology
the term GO:0110165 is not contained in the ontology
the term GO:0110165 is not contained in the ontology
the term GO:0062129 is not contained in the ontology
the term GO:0110165 is not contained in the ontology
the term GO:0110165 is not contained in the ontology
the term GO:0110165 is not contained in the ontology
the term GO:0110165 is not contained in the ontology
the term GO:0110165 is not contained in the ontology
the term GO:0110165 is not contained in the ontology
the term GO:0110165 is not contained in the ontology
the term GO:0110165 is not contained in the ontology
the term GO:0110165 is not contained in the ontology
the term GO:0110165 is not contained in the ontology
the term GO:0110165 is not contained in the ontology
the term GO:0110165 is not contained in the ontology
the term GO:0110165 is not contained in the ontology
the term GO:0110165 is not contained in the ontology
the term GO:0110165 is not contained in the ontology
the term GO:0110165 is not contained in the ontology
the term GO:0110165 is not contained in the ontology
the term GO:0110165 is not contained in the ontology
the term GO:0110165 is not contained in the ontology
the term GO:0110165 is not contained in the ontology
the term GO:0110165 is not contained in the ontology
the term GO:0110165 is not contained in the ontology
the term GO:0110165 is not contained in the ontology
the term GO:0110165 is not contained in the ontology
the term GO:0110165 is not contained in the ontology
the term GO:0110165 is not contained in the ontology
the term GO:0110165 is not contained in the ontology
the term GO:0110165 is not contained in the ontology
the term GO:0110165 is not contained in the ontology
the term GO:0110165 is not contained in the ontology
the term GO:0110165 is not contained in the ontology
the term GO:0110165 is not contained in the ontology
the term GO:0110165 is not contained in the ontology
the term GO:0110165 is not contained in the ontology
the term GO:0110165 is not contained in the ontology
the term GO:0110165 is not contained in the ontology
the term GO:0110165 is not contained in the ontology
